 1983  git config --global user.name "MahmoudHleihil"
 1984  git config --global user.email "mahmodhl0119@gmail.com"
 1985  code Project_LINUX_Course/
 1986  mkdir -p LINUX_Course_Project/{DOWNLOADS,CODE,DATA,BACKUPS,Work/{Q1,Q2,Q3,Q4}}
 1987  mkdir -p repository/PROJECT_COURSE_LINUX  
 1988  wget -O repository/downloads.tar.gz https://github.com/Telhai-Git/LINUX_COURSE_WORK/archive/refs/tags/downloads.tar.gz  
 1989  tar -xvzf repository/downloads.tar.gz -C LINUX_Course_Project/DOWNLOADS  
 1990  cd LINUX_Course_Project/
 1991  git init
 1992  git commit -m "first commit"
 1993  git branch -M main
 1994  git remote add origin https://github.com/MahmoudHleihil/LINUX_Course_Project.git
 1995  git push -u origin main
 1996  code .
 1997  code ..
 1998  git add .  
 1999  git commit -m "Initial commit"  
 2000  rm ../repository/downloads.tar.gz
 2001  git branch BR_Q1  
 2002  git checkout BR_Q1  
 2003  cp DOWNLOADS/* CODE  
 2004  cp DOWNLOADS/LINUX_COURSE_WORK-downloads/* CODE  
 2005  cp DOWNLOADS/LINUX_COURSE_WORK-downloads/*.{csv,jpg,txt} DATA
 2006  echo -e "Time: $(date)\nUSER DETAILS: $(grep "^$(whoami):" /etc/passwd)\nREPO: $(pwd)\nGithubUrl: https://github.com/MahmoudHleihil/LINUX_Course_Project.git\nVERSIONID: $(grep VERSION_ID /etc/os-release | cut -d'=' -f2 | tr -d '\"')\n-----------------------------\nTree Structure of Repository:\n$(sudo apt install tree -y >/dev/null 2>&1 && tree repository/PROJECT_COURSE_LINUX)\n-----------------------------\nList of all .sh files under user folder:\n$(find ~ -type f -name "*.sh")" > Work/Q1/q1_output.txt && cat Work/Q1/q1_output.txt
 2007  git add .
 2008  git commit -m "Finalized Q1 changes"  
 2009  git checkout main  
 2010  git merge BR_Q1 --no-ff -m "Merging BR_Q1 into main"  
 2011  git log --oneline --graph --decorate --all | tee git_commits.log  
 2012  mv git_commits.log Work/Q1/  
 2013  history > Work/Q1/linux_history.log  
