2025-03-09 18:01:27 - Starting plant processing script...
2025-03-09 18:01:27 - Using CSV file: ../Q3/plants1.csv
2025-03-09 18:01:27 - Creating virtual environment...
2025-03-09 18:01:32 - Virtual environment activated.
2025-03-09 18:01:32 - Installing dependencies from requirements.txt...
2025-03-09 18:01:50 - Processing CSV file: ../Q3/plants1.csv
2025-03-09 18:01:50 - Running Python script for plant: Rose
2025-03-09 18:01:51 - Successfully generated plots for Rose
2025-03-09 18:01:51 - Running Python script for plant: Tulip
2025-03-09 18:01:53 - Successfully generated plots for Tulip
2025-03-09 18:01:53 - Running Python script for plant: Sunflower
2025-03-09 18:01:55 - Successfully generated plots for Sunflower
2025-03-09 18:01:55 - Running Python script for plant: Daffodil
2025-03-09 18:01:56 - Successfully generated plots for Daffodil
2025-03-09 18:01:56 - Running Python script for plant: Lily
2025-03-09 18:01:58 - Successfully generated plots for Lily
2025-03-09 18:01:58 - Backup created successfully: Backups/Backup_20250309_180158.zip
2025-03-09 18:01:58 - Script execution completed.
2025-03-09 18:41:44 - Starting plant processing script...
2025-03-09 18:41:44 - Using CSV file: ../Q3/plants1.csv
2025-03-09 18:41:44 - Virtual environment activated.
2025-03-09 18:41:44 - Installing dependencies from requirements.txt...
Requirement already satisfied: matplotlib in ./.venv/lib/python3.10/site-packages (from -r requirements.txt (line 1)) (3.10.1)
Requirement already satisfied: fonttools>=4.22.0 in ./.venv/lib/python3.10/site-packages (from matplotlib->-r requirements.txt (line 1)) (4.56.0)
Requirement already satisfied: cycler>=0.10 in ./.venv/lib/python3.10/site-packages (from matplotlib->-r requirements.txt (line 1)) (0.12.1)
Requirement already satisfied: kiwisolver>=1.3.1 in ./.venv/lib/python3.10/site-packages (from matplotlib->-r requirements.txt (line 1)) (1.4.8)
Requirement already satisfied: packaging>=20.0 in ./.venv/lib/python3.10/site-packages (from matplotlib->-r requirements.txt (line 1)) (24.2)
Requirement already satisfied: python-dateutil>=2.7 in ./.venv/lib/python3.10/site-packages (from matplotlib->-r requirements.txt (line 1)) (2.9.0.post0)
Requirement already satisfied: pyparsing>=2.3.1 in ./.venv/lib/python3.10/site-packages (from matplotlib->-r requirements.txt (line 1)) (3.2.1)
Requirement already satisfied: pillow>=8 in ./.venv/lib/python3.10/site-packages (from matplotlib->-r requirements.txt (line 1)) (11.1.0)
Requirement already satisfied: numpy>=1.23 in ./.venv/lib/python3.10/site-packages (from matplotlib->-r requirements.txt (line 1)) (2.2.3)
Requirement already satisfied: contourpy>=1.0.1 in ./.venv/lib/python3.10/site-packages (from matplotlib->-r requirements.txt (line 1)) (1.3.1)
Requirement already satisfied: six>=1.5 in ./.venv/lib/python3.10/site-packages (from python-dateutil>=2.7->matplotlib->-r requirements.txt (line 1)) (1.17.0)
2025-03-09 18:41:45 - Processing CSV file: ../Q3/plants1.csv
2025-03-09 18:41:45 - Running Python script for plant: Rose
2025-03-09 18:41:47 - Successfully generated plots for Rose
2025-03-09 18:41:47 - Running Python script for plant: Tulip
2025-03-09 18:41:48 - Successfully generated plots for Tulip
2025-03-09 18:41:48 - Running Python script for plant: Sunflower
2025-03-09 18:41:50 - Successfully generated plots for Sunflower
2025-03-09 18:41:50 - Running Python script for plant: Daffodil
2025-03-09 18:41:51 - Successfully generated plots for Daffodil
2025-03-09 18:41:51 - Running Python script for plant: Lily
2025-03-09 18:41:53 - Successfully generated plots for Lily
2025-03-09 18:41:53 - Backup created successfully: Backups/Backup_20250309_184153.tar.gz
2025-03-09 18:41:53 - Script execution completed.
